
<?xml version="1.0" encoding="UTF-8"?>
<!--- <vxml version = "2.1" > -->
<!DOCTYPE vxml SYSTEM "http://www.w3.org/TR/voicexml21/vxml.dtd">
<vxml xmlns="http://www.w3.org/2001/vxml"
  version="2.1"
  xmlns:xsi="http://www.w3.org/2001/XMLSchema-instance"
  xsi:schemaLocation="http://www.w3.org/2001/vxml
  http://www.w3.org/TR/2007/REC-voicexml21-20070619/vxml.xsd">
<property name="inputmodes" value="dtmf" />

<!-- Kasadaka VoiceXML File -->

    <prompt>hello this is a test</prompt>

</vxml>




              <!-- Welcome message in English -->
              <audio src = "http://django-static.vps.abaart.nl/group3/django/give-crop-and-weather-english.wav"/>
              <!-- For corn press 1, for cotton, press 2, for cocoa, press 3-->
                <audio src = "http://django-static.vps.abaart.nl/group3/django/select-crop-english.wav"/>
                <audio src = "http://django-static.vps.abaart.nl/group3/django/for.wav"/>
                <audio src = "http://django-static.vps.abaart.nl/group3/django/corn-english.wav"/>
                <audio src = "http://django-static.vps.abaart.nl/group3/django/press.wav"/>
                <audio src = "http://django-static.vps.abaart.nl/group3/django/1-english.wav"/>
                <audio src = "http://django-static.vps.abaart.nl/group3/django/for.wav"/>
                <audio src = "http://django-static.vps.abaart.nl/group3/django/cotton-english.wav"/>
                <audio src = "http://django-static.vps.abaart.nl/group3/django/press.wav"/>
                <audio src = "http://django-static.vps.abaart.nl/group3/django/2-english.wav"/>
                <audio src = "http://django-static.vps.abaart.nl/group3/django/for.wav"/>
                <audio src = "http://django-static.vps.abaart.nl/group3/django/cocoa-english.wav"/>
                <audio src = "http://django-static.vps.abaart.nl/group3/django/press.wav"/>
                <audio src = "http://django-static.vps.abaart.nl/group3/django/3-english.wav"/>
