<?xml version="1.0" encoding="UTF-8"?>
<vxml xmlns="http://www.w3.org/2001/vxml" xmlns:xsi="http://www.w3.org/2001/XMLSchema-instance"
xsi:schemaLocation="http://www.w3.org/2001/vxml
http://www.w3.org/TR/voicexml20/vxml.xsd"
version="2.0">

    <!--Fertilizer form in English-->
  <form id="fertilizersFR">
    <!-- DTMF grammar and field that holds the value for crop-->

      <audio src = "https://django-static.vps.abaart.nl/group3/django/give-crop-and-weather-french.wav"/>
  <!-- For corn press 1, for cotton, press 2, for cocoa, press 3-->

      <audio src = "https://django-static.vps.abaart.nl/group3/django/select-crop-french.wav"/>
      <audio src = "https://django-static.vps.abaart.nl/group3/django/pour.wav"/>
      <audio src = "https://django-static.vps.abaart.nl/group3/django/corn-french.wav"/>
      <audio src = "https://django-static.vps.abaart.nl/group3/django/appuyez-sur.wav"/>
      <audio src = "https://django-static.vps.abaart.nl/group3/django/1-french.wav"/>
      <audio src = "https://django-static.vps.abaart.nl/group3/django/pour.wav"/>
      <audio src = "https://django-static.vps.abaart.nl/group3/django/cotton-french.wav"/>
      <audio src = "https://django-static.vps.abaart.nl/group3/django/appuyez-sur.wav"/>
      <audio src = "https://django-static.vps.abaart.nl/group3/django/2-french.wav"/>
      <audio src = "https://django-static.vps.abaart.nl/group3/django/pour.wav"/>
      <audio src = "https://django-static.vps.abaart.nl/group3/django/cocoa-french.wav"/>
      <audio src = "https://django-static.vps.abaart.nl/group3/django/appuyez-sur.wav"/>
      <audio src = "https://django-static.vps.abaart.nl/group3/django/3-french.wav"/>





</form>
</vxml>