<?xml version="1.0" encoding="UTF-8"?>
<!--- <vxml version = "2.1" > -->
<!DOCTYPE vxml SYSTEM "http://www.w3.org/TR/voicexml21/vxml.dtd">
<vxml xmlns="http://www.w3.org/2001/vxml"
  version="2.1"
  xmlns:xsi="http://www.w3.org/2001/XMLSchema-instance"
  xsi:schemaLocation="http://www.w3.org/2001/vxml
  http://www.w3.org/TR/2007/REC-voicexml21-20070619/vxml.xsd">
    <!--Fertilizer form in English-->
    <!-- DTMF grammar and field that holds the value for crop-->

      <audio src = "https://django-static.vps.abaart.nl/group3/django/give-crop-and-weather-french.wav"/>
  <!-- For corn press 1, for cotton, press 2, for cocoa, press 3-->

      <audio src = "https://django-static.vps.abaart.nl/group3/django/select-crop-french.wav"/>
      <audio src = "https://django-static.vps.abaart.nl/group3/django/pour.wav"/>
      <audio src = "https://django-static.vps.abaart.nl/group3/django/corn-french.wav"/>
      <audio src = "https://django-static.vps.abaart.nl/group3/django/appuyez-sur.wav"/>
      <audio src = "https://django-static.vps.abaart.nl/group3/django/1-french.wav"/>
      <audio src = "https://django-static.vps.abaart.nl/group3/django/pour.wav"/>
      <audio src = "https://django-static.vps.abaart.nl/group3/django/cotton-french.wav"/>
      <audio src = "https://django-static.vps.abaart.nl/group3/django/appuyez-sur.wav"/>
      <audio src = "https://django-static.vps.abaart.nl/group3/django/2-french.wav"/>
      <audio src = "https://django-static.vps.abaart.nl/group3/django/pour.wav"/>
      <audio src = "https://django-static.vps.abaart.nl/group3/django/cocoa-french.wav"/>
      <audio src = "https://django-static.vps.abaart.nl/group3/django/appuyez-sur.wav"/>
      <audio src = "https://django-static.vps.abaart.nl/group3/django/3-french.wav"/>

</vxml>